Build started 21/09/2020 17:21:39.
     1>Project "C:\Users\Jesus Delgado\Desktop\Verano2020\RV\Teoria\fin\Texturas\Texturas\ProyectoL-System(Console)\ProyectoL-System(Console)\ProyectoL-System(Console).vcxproj" on node 2 (Build target(s)).
     1>ClCompile:
         C:\Program Files (x86)\Microsoft Visual Studio 12.0\VC\bin\CL.exe /c /ZI /nologo /W3 /WX- /sdl /Od /Oy- /D WIN32 /D _DEBUG /D _CONSOLE /D _LIB /D _UNICODE /D UNICODE /Gm /EHsc /RTC1 /MDd /GS /fp:precise /Zc:wchar_t /Zc:forScope /Fo"Debug\\" /Fd"Debug\vc120.pdb" /Gd /TP /analyze- /errorReport:prompt Main.cpp
         Main.cpp
     1>c:\users\jesus delgado\desktop\verano2020\rv\teoria\fin\texturas\texturas\proyectol-system(console)\proyectol-system(console)\main.cpp(27): warning C4305: 'initializing' : truncation from 'double' to 'const float'
     1>c:\users\jesus delgado\desktop\verano2020\rv\teoria\fin\texturas\texturas\proyectol-system(console)\proyectol-system(console)\main.cpp(44): warning C4305: 'initializing' : truncation from 'double' to 'float'
     1>c:\users\jesus delgado\desktop\verano2020\rv\teoria\fin\texturas\texturas\proyectol-system(console)\proyectol-system(console)\main.cpp(45): warning C4305: 'initializing' : truncation from 'double' to 'float'
     1>c:\users\jesus delgado\desktop\verano2020\rv\teoria\fin\texturas\texturas\proyectol-system(console)\proyectol-system(console)\main.cpp(47): warning C4305: 'initializing' : truncation from 'double' to 'float'
     1>c:\users\jesus delgado\desktop\verano2020\rv\teoria\fin\texturas\texturas\proyectol-system(console)\proyectol-system(console)\main.cpp(116): warning C4305: 'initializing' : truncation from 'double' to 'GLfloat'
     1>c:\users\jesus delgado\desktop\verano2020\rv\teoria\fin\texturas\texturas\proyectol-system(console)\proyectol-system(console)\main.cpp(117): warning C4305: 'initializing' : truncation from 'double' to 'GLfloat'
     1>c:\users\jesus delgado\desktop\verano2020\rv\teoria\fin\texturas\texturas\proyectol-system(console)\proyectol-system(console)\main.cpp(118): warning C4305: 'initializing' : truncation from 'double' to 'GLfloat'
     1>c:\users\jesus delgado\desktop\verano2020\rv\teoria\fin\texturas\texturas\proyectol-system(console)\proyectol-system(console)\main.cpp(121): warning C4305: 'initializing' : truncation from 'double' to 'GLfloat'
     1>c:\users\jesus delgado\desktop\verano2020\rv\teoria\fin\texturas\texturas\proyectol-system(console)\proyectol-system(console)\main.cpp(167): warning C4305: 'argument' : truncation from 'double' to 'GLfloat'
     1>c:\users\jesus delgado\desktop\verano2020\rv\teoria\fin\texturas\texturas\proyectol-system(console)\proyectol-system(console)\main.cpp(176): warning C4305: 'argument' : truncation from 'double' to 'GLfloat'
     1>c:\users\jesus delgado\desktop\verano2020\rv\teoria\fin\texturas\texturas\proyectol-system(console)\proyectol-system(console)\main.cpp(189): warning C4305: 'initializing' : truncation from 'double' to 'GLfloat'
     1>c:\users\jesus delgado\desktop\verano2020\rv\teoria\fin\texturas\texturas\proyectol-system(console)\proyectol-system(console)\main.cpp(190): warning C4305: 'initializing' : truncation from 'double' to 'GLfloat'
     1>c:\users\jesus delgado\desktop\verano2020\rv\teoria\fin\texturas\texturas\proyectol-system(console)\proyectol-system(console)\main.cpp(191): warning C4305: 'initializing' : truncation from 'double' to 'GLfloat'
     1>c:\users\jesus delgado\desktop\verano2020\rv\teoria\fin\texturas\texturas\proyectol-system(console)\proyectol-system(console)\main.cpp(229): warning C4305: '+=' : truncation from 'double' to 'GLfloat'
     1>c:\users\jesus delgado\desktop\verano2020\rv\teoria\fin\texturas\texturas\proyectol-system(console)\proyectol-system(console)\main.cpp(247): warning C4244: 'argument' : conversion from 'float' to 'unsigned int', possible loss of data
     1>c:\users\jesus delgado\desktop\verano2020\rv\teoria\fin\texturas\texturas\proyectol-system(console)\proyectol-system(console)\main.cpp(248): warning C4018: '<' : signed/unsigned mismatch
     1>c:\users\jesus delgado\desktop\verano2020\rv\teoria\fin\texturas\texturas\proyectol-system(console)\proyectol-system(console)\main.cpp(278): warning C4018: '<' : signed/unsigned mismatch
     1>c:\users\jesus delgado\desktop\verano2020\rv\teoria\fin\texturas\texturas\proyectol-system(console)\proyectol-system(console)\main.cpp(283): warning C4244: 'initializing' : conversion from 'int' to 'float', possible loss of data
     1>c:\users\jesus delgado\desktop\verano2020\rv\teoria\fin\texturas\texturas\proyectol-system(console)\proyectol-system(console)\main.cpp(295): warning C4244: 'initializing' : conversion from 'int' to 'float', possible loss of data
     1>c:\users\jesus delgado\desktop\verano2020\rv\teoria\fin\texturas\texturas\proyectol-system(console)\proyectol-system(console)\main.cpp(305): warning C4244: 'initializing' : conversion from 'int' to 'float', possible loss of data
     1>c:\users\jesus delgado\desktop\verano2020\rv\teoria\fin\texturas\texturas\proyectol-system(console)\proyectol-system(console)\main.cpp(318): warning C4244: 'initializing' : conversion from 'int' to 'float', possible loss of data
     1>c:\users\jesus delgado\desktop\verano2020\rv\teoria\fin\texturas\texturas\proyectol-system(console)\proyectol-system(console)\main.cpp(328): warning C4244: 'initializing' : conversion from 'int' to 'float', possible loss of data
     1>c:\users\jesus delgado\desktop\verano2020\rv\teoria\fin\texturas\texturas\proyectol-system(console)\proyectol-system(console)\main.cpp(361): warning C4305: 'initializing' : truncation from 'double' to 'GLfloat'
     1>c:\users\jesus delgado\desktop\verano2020\rv\teoria\fin\texturas\texturas\proyectol-system(console)\proyectol-system(console)\main.cpp(362): warning C4305: 'initializing' : truncation from 'double' to 'GLfloat'
     1>c:\users\jesus delgado\desktop\verano2020\rv\teoria\fin\texturas\texturas\proyectol-system(console)\proyectol-system(console)\main.cpp(415): warning C4305: '=' : truncation from 'double' to 'float'
     1>c:\users\jesus delgado\desktop\verano2020\rv\teoria\fin\texturas\texturas\proyectol-system(console)\proyectol-system(console)\main.cpp(418): warning C4305: '=' : truncation from 'double' to 'float'
     1>c:\users\jesus delgado\desktop\verano2020\rv\teoria\fin\texturas\texturas\proyectol-system(console)\proyectol-system(console)\main.cpp(423): warning C4305: '=' : truncation from 'double' to 'float'
     1>c:\users\jesus delgado\desktop\verano2020\rv\teoria\fin\texturas\texturas\proyectol-system(console)\proyectol-system(console)\main.cpp(426): warning C4305: '=' : truncation from 'double' to 'float'
     1>c:\users\jesus delgado\desktop\verano2020\rv\teoria\fin\texturas\texturas\proyectol-system(console)\proyectol-system(console)\main.cpp(432): warning C4305: '+=' : truncation from 'double' to 'float'
     1>c:\users\jesus delgado\desktop\verano2020\rv\teoria\fin\texturas\texturas\proyectol-system(console)\proyectol-system(console)\main.cpp(440): warning C4244: 'initializing' : conversion from 'double' to 'float', possible loss of data
     1>c:\users\jesus delgado\desktop\verano2020\rv\teoria\fin\texturas\texturas\proyectol-system(console)\proyectol-system(console)\main.cpp(744): warning C4305: 'argument' : truncation from 'double' to 'GLclampf'
     1>c:\users\jesus delgado\desktop\verano2020\rv\teoria\fin\texturas\texturas\proyectol-system(console)\proyectol-system(console)\main.cpp(757): warning C4244: 'argument' : conversion from 'time_t' to 'unsigned int', possible loss of data
     1>c:\users\jesus delgado\desktop\verano2020\rv\teoria\fin\texturas\texturas\proyectol-system(console)\proyectol-system(console)\main.cpp(766): warning C4305: 'initializing' : truncation from 'double' to 'GLfloat'
     1>c:\users\jesus delgado\desktop\verano2020\rv\teoria\fin\texturas\texturas\proyectol-system(console)\proyectol-system(console)\main.cpp(770): warning C4305: 'initializing' : truncation from 'double' to 'GLfloat'
     1>c:\users\jesus delgado\desktop\verano2020\rv\teoria\fin\texturas\texturas\proyectol-system(console)\proyectol-system(console)\main.cpp(774): warning C4305: 'initializing' : truncation from 'double' to 'GLfloat'
       Link:
         C:\Program Files (x86)\Microsoft Visual Studio 12.0\VC\bin\link.exe /ERRORREPORT:PROMPT /OUT:"C:\Users\Jesus Delgado\Desktop\Verano2020\RV\Teoria\fin\Texturas\Texturas\ProyectoL-System(Console)\Debug\ProyectoL-System(Console).exe" /INCREMENTAL /NOLOGO glew32.lib freeglut.lib FreeImage.lib kernel32.lib user32.lib gdi32.lib winspool.lib comdlg32.lib advapi32.lib shell32.lib ole32.lib oleaut32.lib uuid.lib odbc32.lib odbccp32.lib /MANIFEST /MANIFESTUAC:"level='asInvoker' uiAccess='false'" /manifest:embed /DEBUG /PDB:"C:\Users\Jesus Delgado\Desktop\Verano2020\RV\Teoria\fin\Texturas\Texturas\ProyectoL-System(Console)\Debug\ProyectoL-System(Console).pdb" /SUBSYSTEM:CONSOLE /TLBID:1 /DYNAMICBASE /NXCOMPAT /IMPLIB:"C:\Users\Jesus Delgado\Desktop\Verano2020\RV\Teoria\fin\Texturas\Texturas\ProyectoL-System(Console)\Debug\ProyectoL-System(Console).lib" /MACHINE:X86 Debug\Main.obj
         ProyectoL-System(Console).vcxproj -> C:\Users\Jesus Delgado\Desktop\Verano2020\RV\Teoria\fin\Texturas\Texturas\ProyectoL-System(Console)\Debug\ProyectoL-System(Console).exe
     1>Done Building Project "C:\Users\Jesus Delgado\Desktop\Verano2020\RV\Teoria\fin\Texturas\Texturas\ProyectoL-System(Console)\ProyectoL-System(Console)\ProyectoL-System(Console).vcxproj" (Build target(s)).

Build succeeded.

Time Elapsed 00:00:02.23
